2024-05-02 18:38:25,887 [Worker-5: Loading available Gradle versions] INFO  o.e.b.c.i.u.g.PublishedGradleVersions - Gradle version information cache is up-to-date. Trying to read.
2024-05-02 18:38:46,431 [Worker-3: Building] INFO  o.e.m.c.i.l.LifecycleMappingFactory - Using org.eclipse.m2e.jdt.JarLifecycleMapping lifecycle mapping for MavenProject: AnanayMahajan:APIAssignment:0.0.1-SNAPSHOT @ C:\Users\ananmaha\eclipse-workspace2\APIAssignment\pom.xml.
2024-05-02 18:38:48,728 [Worker-3: Building] INFO  o.a.m.s.f.DefaultMavenResourcesFiltering - skip non existing resourceDirectory C:\Users\ananmaha\eclipse-workspace2\APIAssignment\src\main\resources
2024-05-02 18:38:48,735 [Worker-3: Building] INFO  o.a.m.s.f.DefaultMavenResourcesFiltering - skip non existing resourceDirectory C:\Users\ananmaha\eclipse-workspace2\APIAssignment\src\test\resources
2024-05-02 18:38:49,751 [Worker-18: Building] INFO  o.e.m.c.i.l.LifecycleMappingFactory - Using org.eclipse.m2e.jdt.JarLifecycleMapping lifecycle mapping for MavenProject: AnanayMahajan:Assignment:0.0.1-SNAPSHOT @ C:\Users\ananmaha\eclipse-workspace2\Assignment\pom.xml.
2024-05-02 18:38:50,295 [Worker-18: Building] INFO  o.a.m.s.f.DefaultMavenResourcesFiltering - skip non existing resourceDirectory C:\Users\ananmaha\eclipse-workspace2\Assignment\src\main\resources
2024-05-02 18:38:50,299 [Worker-18: Building] INFO  o.a.m.s.f.DefaultMavenResourcesFiltering - skip non existing resourceDirectory C:\Users\ananmaha\eclipse-workspace2\Assignment\src\test\resources
2024-05-03 09:06:49,116 [Worker-3: Loading available Gradle versions] INFO  o.e.b.c.i.u.g.PublishedGradleVersions - Gradle version information cache is up-to-date. Trying to read.
2024-05-07 11:27:59,665 [Worker-4: Loading available Gradle versions] INFO  o.e.b.c.i.u.g.PublishedGradleVersions - Gradle version information cache is out-of-date. Trying to update.
2024-05-07 11:39:10,096 [Worker-21: Building] INFO  o.a.m.s.f.DefaultMavenResourcesFiltering - skip non existing resourceDirectory C:\Users\ananmaha\eclipse-workspace2\APIAssignment\src\main\resources
2024-05-07 11:39:10,120 [Worker-21: Building] INFO  o.a.m.s.f.DefaultMavenResourcesFiltering - skip non existing resourceDirectory C:\Users\ananmaha\eclipse-workspace2\APIAssignment\src\test\resources
2024-05-07 11:39:56,441 [Worker-21: Building] INFO  o.a.m.s.f.DefaultMavenResourcesFiltering - skip non existing resourceDirectory C:\Users\ananmaha\eclipse-workspace2\APIAssignment\src\main\resources
2024-05-07 11:39:56,448 [Worker-21: Building] INFO  o.a.m.s.f.DefaultMavenResourcesFiltering - skip non existing resourceDirectory C:\Users\ananmaha\eclipse-workspace2\APIAssignment\src\test\resources
2024-05-07 11:39:58,277 [Worker-21: Building] INFO  o.a.m.s.f.DefaultMavenResourcesFiltering - skip non existing resourceDirectory C:\Users\ananmaha\eclipse-workspace2\APIAssignment\src\main\resources
2024-05-07 11:39:58,280 [Worker-21: Building] INFO  o.a.m.s.f.DefaultMavenResourcesFiltering - skip non existing resourceDirectory C:\Users\ananmaha\eclipse-workspace2\APIAssignment\src\test\resources
2024-05-07 11:40:04,192 [Worker-21: Building] INFO  o.a.m.s.f.DefaultMavenResourcesFiltering - skip non existing resourceDirectory C:\Users\ananmaha\eclipse-workspace2\APIAssignment\src\main\resources
2024-05-07 11:40:04,194 [Worker-21: Building] INFO  o.a.m.s.f.DefaultMavenResourcesFiltering - skip non existing resourceDirectory C:\Users\ananmaha\eclipse-workspace2\APIAssignment\src\test\resources
2024-05-07 11:51:06,239 [Worker-30: Building] INFO  o.a.m.s.f.DefaultMavenResourcesFiltering - skip non existing resourceDirectory C:\Users\ananmaha\eclipse-workspace2\APIAssignment\src\main\resources
2024-05-07 11:51:06,243 [Worker-30: Building] INFO  o.a.m.s.f.DefaultMavenResourcesFiltering - skip non existing resourceDirectory C:\Users\ananmaha\eclipse-workspace2\APIAssignment\src\test\resources
2024-05-07 11:51:12,968 [Worker-28: Building] INFO  o.a.m.s.f.DefaultMavenResourcesFiltering - skip non existing resourceDirectory C:\Users\ananmaha\eclipse-workspace2\APIAssignment\src\main\resources
2024-05-07 11:51:12,970 [Worker-28: Building] INFO  o.a.m.s.f.DefaultMavenResourcesFiltering - skip non existing resourceDirectory C:\Users\ananmaha\eclipse-workspace2\APIAssignment\src\test\resources
2024-05-07 11:51:22,599 [Worker-32: Building] INFO  o.a.m.s.f.DefaultMavenResourcesFiltering - skip non existing resourceDirectory C:\Users\ananmaha\eclipse-workspace2\APIAssignment\src\main\resources
2024-05-07 11:51:22,602 [Worker-32: Building] INFO  o.a.m.s.f.DefaultMavenResourcesFiltering - skip non existing resourceDirectory C:\Users\ananmaha\eclipse-workspace2\APIAssignment\src\test\resources
2024-05-07 11:55:13,285 [Worker-32: Building] INFO  o.a.m.s.f.DefaultMavenResourcesFiltering - skip non existing resourceDirectory C:\Users\ananmaha\eclipse-workspace2\APIAssignment\src\main\resources
2024-05-07 11:55:13,289 [Worker-32: Building] INFO  o.a.m.s.f.DefaultMavenResourcesFiltering - skip non existing resourceDirectory C:\Users\ananmaha\eclipse-workspace2\APIAssignment\src\test\resources
2024-05-07 11:57:25,468 [Worker-32: Building] INFO  o.a.m.s.f.DefaultMavenResourcesFiltering - skip non existing resourceDirectory C:\Users\ananmaha\eclipse-workspace2\APIAssignment\src\main\resources
2024-05-07 11:57:25,472 [Worker-32: Building] INFO  o.a.m.s.f.DefaultMavenResourcesFiltering - skip non existing resourceDirectory C:\Users\ananmaha\eclipse-workspace2\APIAssignment\src\test\resources
2024-05-07 11:57:28,271 [Worker-30: Building] INFO  o.a.m.s.f.DefaultMavenResourcesFiltering - skip non existing resourceDirectory C:\Users\ananmaha\eclipse-workspace2\APIAssignment\src\main\resources
2024-05-07 11:57:28,275 [Worker-30: Building] INFO  o.a.m.s.f.DefaultMavenResourcesFiltering - skip non existing resourceDirectory C:\Users\ananmaha\eclipse-workspace2\APIAssignment\src\test\resources
2024-05-07 12:00:42,167 [Worker-31: Building] INFO  o.a.m.s.f.DefaultMavenResourcesFiltering - skip non existing resourceDirectory C:\Users\ananmaha\eclipse-workspace2\APIAssignment\src\main\resources
2024-05-07 12:00:42,169 [Worker-31: Building] INFO  o.a.m.s.f.DefaultMavenResourcesFiltering - skip non existing resourceDirectory C:\Users\ananmaha\eclipse-workspace2\APIAssignment\src\test\resources
2024-05-07 12:01:51,243 [Worker-31: Building] INFO  o.a.m.s.f.DefaultMavenResourcesFiltering - skip non existing resourceDirectory C:\Users\ananmaha\eclipse-workspace2\APIAssignment\src\main\resources
2024-05-07 12:01:51,247 [Worker-31: Building] INFO  o.a.m.s.f.DefaultMavenResourcesFiltering - skip non existing resourceDirectory C:\Users\ananmaha\eclipse-workspace2\APIAssignment\src\test\resources
2024-05-07 12:02:26,510 [Worker-28: Building] INFO  o.a.m.s.f.DefaultMavenResourcesFiltering - skip non existing resourceDirectory C:\Users\ananmaha\eclipse-workspace2\APIAssignment\src\main\resources
2024-05-07 12:02:26,513 [Worker-28: Building] INFO  o.a.m.s.f.DefaultMavenResourcesFiltering - skip non existing resourceDirectory C:\Users\ananmaha\eclipse-workspace2\APIAssignment\src\test\resources
2024-05-07 12:08:33,239 [Worker-32: Launching userEndPoints2] INFO  o.a.m.s.f.DefaultMavenResourcesFiltering - skip non existing resourceDirectory C:\Users\ananmaha\eclipse-workspace2\APIAssignment\src\main\resources
2024-05-07 12:08:33,242 [Worker-32: Launching userEndPoints2] INFO  o.a.m.s.f.DefaultMavenResourcesFiltering - skip non existing resourceDirectory C:\Users\ananmaha\eclipse-workspace2\APIAssignment\src\test\resources
2024-05-07 12:11:14,913 [Worker-33: Building] INFO  o.a.m.s.f.DefaultMavenResourcesFiltering - skip non existing resourceDirectory C:\Users\ananmaha\eclipse-workspace2\APIAssignment\src\main\resources
2024-05-07 12:11:14,917 [Worker-33: Building] INFO  o.a.m.s.f.DefaultMavenResourcesFiltering - skip non existing resourceDirectory C:\Users\ananmaha\eclipse-workspace2\APIAssignment\src\test\resources
2024-05-07 12:21:27,869 [Worker-37: Building] INFO  o.a.m.s.f.DefaultMavenResourcesFiltering - skip non existing resourceDirectory C:\Users\ananmaha\eclipse-workspace2\APIAssignment\src\main\resources
2024-05-07 12:21:27,872 [Worker-37: Building] INFO  o.a.m.s.f.DefaultMavenResourcesFiltering - skip non existing resourceDirectory C:\Users\ananmaha\eclipse-workspace2\APIAssignment\src\test\resources
2024-05-07 12:27:43,406 [Worker-51: Building] INFO  o.e.m.c.i.l.LifecycleMappingFactory - Using org.eclipse.m2e.jdt.JarLifecycleMapping lifecycle mapping for MavenProject: AnanayMahajan:APIAssignment:0.0.1-SNAPSHOT @ C:\Users\ananmaha\eclipse-workspace2\APIAssignment\pom.xml.
2024-05-07 12:27:44,878 [Worker-51: Building] INFO  o.e.m.c.i.e.AbstractTransferListenerAdapter - Downloading https://repo.maven.apache.org/maven2/commons-io/commons-io/2.16.1/commons-io-2.16.1.pom
2024-05-07 12:27:44,932 [Worker-51: Building] INFO  o.e.m.c.i.e.AbstractTransferListenerAdapter - Downloaded https://repo.maven.apache.org/maven2/commons-io/commons-io/2.16.1/commons-io-2.16.1.pom
2024-05-07 12:27:45,060 [Worker-51: Building] INFO  o.e.m.c.i.e.AbstractTransferListenerAdapter - Downloading https://repo.maven.apache.org/maven2/org/apache/commons/commons-parent/69/commons-parent-69.pom
2024-05-07 12:27:45,111 [Worker-51: Building] INFO  o.e.m.c.i.e.AbstractTransferListenerAdapter - Downloaded https://repo.maven.apache.org/maven2/org/apache/commons/commons-parent/69/commons-parent-69.pom
2024-05-07 12:27:45,461 [Worker-51: Building] INFO  o.e.m.c.i.e.AbstractTransferListenerAdapter - Downloading https://repo.maven.apache.org/maven2/commons-io/commons-io/2.16.1/commons-io-2.16.1.jar
2024-05-07 12:27:45,758 [Worker-51: Building] INFO  o.e.m.c.i.e.AbstractTransferListenerAdapter - Downloaded https://repo.maven.apache.org/maven2/commons-io/commons-io/2.16.1/commons-io-2.16.1.jar
2024-05-07 12:27:46,333 [Worker-51: Building] INFO  o.a.m.s.f.DefaultMavenResourcesFiltering - skip non existing resourceDirectory C:\Users\ananmaha\eclipse-workspace2\APIAssignment\src\main\resources
2024-05-07 12:27:46,337 [Worker-51: Building] INFO  o.a.m.s.f.DefaultMavenResourcesFiltering - skip non existing resourceDirectory C:\Users\ananmaha\eclipse-workspace2\APIAssignment\src\test\resources
2024-05-07 12:27:47,192 [Worker-48: Download sources and javadoc] INFO  o.e.m.c.i.e.AbstractTransferListenerAdapter - Downloading https://repo.maven.apache.org/maven2/commons-io/commons-io/2.16.1/commons-io-2.16.1-sources.jar
2024-05-07 12:27:47,569 [Worker-48: Download sources and javadoc] INFO  o.e.m.c.i.e.AbstractTransferListenerAdapter - Downloaded https://repo.maven.apache.org/maven2/commons-io/commons-io/2.16.1/commons-io-2.16.1-sources.jar
2024-05-07 12:27:47,577 [Worker-48: Download sources and javadoc] INFO  o.e.m.j.internal.DownloadSourcesJob - Downloaded sources for commons-io:commons-io:2.16.1
2024-05-07 12:28:24,686 [Worker-51: Building] INFO  o.a.m.s.f.DefaultMavenResourcesFiltering - skip non existing resourceDirectory C:\Users\ananmaha\eclipse-workspace2\APIAssignment\src\main\resources
2024-05-07 12:28:24,689 [Worker-51: Building] INFO  o.a.m.s.f.DefaultMavenResourcesFiltering - skip non existing resourceDirectory C:\Users\ananmaha\eclipse-workspace2\APIAssignment\src\test\resources
2024-05-07 12:28:38,378 [Worker-49: Building] INFO  o.a.m.s.f.DefaultMavenResourcesFiltering - skip non existing resourceDirectory C:\Users\ananmaha\eclipse-workspace2\APIAssignment\src\main\resources
2024-05-07 12:28:38,380 [Worker-49: Building] INFO  o.a.m.s.f.DefaultMavenResourcesFiltering - skip non existing resourceDirectory C:\Users\ananmaha\eclipse-workspace2\APIAssignment\src\test\resources
2024-05-07 12:29:15,431 [Worker-52: Building] INFO  o.a.m.s.f.DefaultMavenResourcesFiltering - skip non existing resourceDirectory C:\Users\ananmaha\eclipse-workspace2\APIAssignment\src\main\resources
2024-05-07 12:29:15,435 [Worker-52: Building] INFO  o.a.m.s.f.DefaultMavenResourcesFiltering - skip non existing resourceDirectory C:\Users\ananmaha\eclipse-workspace2\APIAssignment\src\test\resources
2024-05-07 12:29:20,269 [Worker-49: Building] INFO  o.a.m.s.f.DefaultMavenResourcesFiltering - skip non existing resourceDirectory C:\Users\ananmaha\eclipse-workspace2\APIAssignment\src\main\resources
2024-05-07 12:29:20,271 [Worker-49: Building] INFO  o.a.m.s.f.DefaultMavenResourcesFiltering - skip non existing resourceDirectory C:\Users\ananmaha\eclipse-workspace2\APIAssignment\src\test\resources
2024-05-07 12:29:55,981 [Worker-53: Launching userEndPoints2] INFO  o.a.m.s.f.DefaultMavenResourcesFiltering - skip non existing resourceDirectory C:\Users\ananmaha\eclipse-workspace2\APIAssignment\src\main\resources
2024-05-07 12:29:55,984 [Worker-53: Launching userEndPoints2] INFO  o.a.m.s.f.DefaultMavenResourcesFiltering - skip non existing resourceDirectory C:\Users\ananmaha\eclipse-workspace2\APIAssignment\src\test\resources
2024-05-07 12:30:41,589 [Worker-37: Building] INFO  o.a.m.s.f.DefaultMavenResourcesFiltering - skip non existing resourceDirectory C:\Users\ananmaha\eclipse-workspace2\APIAssignment\src\main\resources
2024-05-07 12:30:41,592 [Worker-37: Building] INFO  o.a.m.s.f.DefaultMavenResourcesFiltering - skip non existing resourceDirectory C:\Users\ananmaha\eclipse-workspace2\APIAssignment\src\test\resources
2024-05-07 12:31:14,894 [Worker-52: Launching userEndPoints2] INFO  o.a.m.s.f.DefaultMavenResourcesFiltering - skip non existing resourceDirectory C:\Users\ananmaha\eclipse-workspace2\APIAssignment\src\main\resources
2024-05-07 12:31:14,898 [Worker-52: Launching userEndPoints2] INFO  o.a.m.s.f.DefaultMavenResourcesFiltering - skip non existing resourceDirectory C:\Users\ananmaha\eclipse-workspace2\APIAssignment\src\test\resources
2024-05-07 12:31:43,847 [Worker-53: Launching userEndPoints2] INFO  o.a.m.s.f.DefaultMavenResourcesFiltering - skip non existing resourceDirectory C:\Users\ananmaha\eclipse-workspace2\APIAssignment\src\main\resources
2024-05-07 12:31:43,850 [Worker-53: Launching userEndPoints2] INFO  o.a.m.s.f.DefaultMavenResourcesFiltering - skip non existing resourceDirectory C:\Users\ananmaha\eclipse-workspace2\APIAssignment\src\test\resources
2024-05-07 12:33:47,402 [Worker-52: Launching userEndPoints2] INFO  o.a.m.s.f.DefaultMavenResourcesFiltering - skip non existing resourceDirectory C:\Users\ananmaha\eclipse-workspace2\APIAssignment\src\main\resources
2024-05-07 12:33:47,406 [Worker-52: Launching userEndPoints2] INFO  o.a.m.s.f.DefaultMavenResourcesFiltering - skip non existing resourceDirectory C:\Users\ananmaha\eclipse-workspace2\APIAssignment\src\test\resources
2024-05-07 12:34:16,194 [Worker-54: Launching userEndPoints2] INFO  o.a.m.s.f.DefaultMavenResourcesFiltering - skip non existing resourceDirectory C:\Users\ananmaha\eclipse-workspace2\APIAssignment\src\main\resources
2024-05-07 12:34:16,197 [Worker-54: Launching userEndPoints2] INFO  o.a.m.s.f.DefaultMavenResourcesFiltering - skip non existing resourceDirectory C:\Users\ananmaha\eclipse-workspace2\APIAssignment\src\test\resources
2024-05-07 12:35:46,987 [Worker-48: Building] INFO  o.a.m.s.f.DefaultMavenResourcesFiltering - skip non existing resourceDirectory C:\Users\ananmaha\eclipse-workspace2\APIAssignment\src\main\resources
2024-05-07 12:35:46,990 [Worker-48: Building] INFO  o.a.m.s.f.DefaultMavenResourcesFiltering - skip non existing resourceDirectory C:\Users\ananmaha\eclipse-workspace2\APIAssignment\src\test\resources
2024-05-07 12:37:23,104 [Worker-37: Building] INFO  o.a.m.s.f.DefaultMavenResourcesFiltering - skip non existing resourceDirectory C:\Users\ananmaha\eclipse-workspace2\APIAssignment\src\main\resources
2024-05-07 12:37:23,106 [Worker-37: Building] INFO  o.a.m.s.f.DefaultMavenResourcesFiltering - skip non existing resourceDirectory C:\Users\ananmaha\eclipse-workspace2\APIAssignment\src\test\resources
2024-05-07 12:39:02,644 [Worker-48: Building] INFO  o.a.m.s.f.DefaultMavenResourcesFiltering - skip non existing resourceDirectory C:\Users\ananmaha\eclipse-workspace2\APIAssignment\src\main\resources
2024-05-07 12:39:02,647 [Worker-48: Building] INFO  o.a.m.s.f.DefaultMavenResourcesFiltering - skip non existing resourceDirectory C:\Users\ananmaha\eclipse-workspace2\APIAssignment\src\test\resources
2024-05-07 12:39:55,465 [Worker-57: Launching userEndPoints2] INFO  o.a.m.s.f.DefaultMavenResourcesFiltering - skip non existing resourceDirectory C:\Users\ananmaha\eclipse-workspace2\APIAssignment\src\main\resources
2024-05-07 12:39:55,468 [Worker-57: Launching userEndPoints2] INFO  o.a.m.s.f.DefaultMavenResourcesFiltering - skip non existing resourceDirectory C:\Users\ananmaha\eclipse-workspace2\APIAssignment\src\test\resources
2024-05-07 12:40:29,090 [Worker-54: Building] INFO  o.a.m.s.f.DefaultMavenResourcesFiltering - skip non existing resourceDirectory C:\Users\ananmaha\eclipse-workspace2\APIAssignment\src\main\resources
2024-05-07 12:40:29,092 [Worker-54: Building] INFO  o.a.m.s.f.DefaultMavenResourcesFiltering - skip non existing resourceDirectory C:\Users\ananmaha\eclipse-workspace2\APIAssignment\src\test\resources
2024-05-07 12:41:33,449 [Worker-54: Launching userEndPoints2] INFO  o.a.m.s.f.DefaultMavenResourcesFiltering - skip non existing resourceDirectory C:\Users\ananmaha\eclipse-workspace2\APIAssignment\src\main\resources
2024-05-07 12:41:33,452 [Worker-54: Launching userEndPoints2] INFO  o.a.m.s.f.DefaultMavenResourcesFiltering - skip non existing resourceDirectory C:\Users\ananmaha\eclipse-workspace2\APIAssignment\src\test\resources
2024-05-07 12:42:48,563 [Worker-55: Launching userEndPoints2] INFO  o.a.m.s.f.DefaultMavenResourcesFiltering - skip non existing resourceDirectory C:\Users\ananmaha\eclipse-workspace2\APIAssignment\src\main\resources
2024-05-07 12:42:48,566 [Worker-55: Launching userEndPoints2] INFO  o.a.m.s.f.DefaultMavenResourcesFiltering - skip non existing resourceDirectory C:\Users\ananmaha\eclipse-workspace2\APIAssignment\src\test\resources
2024-05-07 12:50:01,740 [Worker-59: Building] INFO  o.a.m.s.f.DefaultMavenResourcesFiltering - skip non existing resourceDirectory C:\Users\ananmaha\eclipse-workspace2\APIAssignment\src\main\resources
2024-05-07 12:50:01,743 [Worker-59: Building] INFO  o.a.m.s.f.DefaultMavenResourcesFiltering - skip non existing resourceDirectory C:\Users\ananmaha\eclipse-workspace2\APIAssignment\src\test\resources
2024-05-07 12:50:50,283 [Worker-59: Building] INFO  o.a.m.s.f.DefaultMavenResourcesFiltering - skip non existing resourceDirectory C:\Users\ananmaha\eclipse-workspace2\APIAssignment\src\main\resources
2024-05-07 12:50:50,285 [Worker-59: Building] INFO  o.a.m.s.f.DefaultMavenResourcesFiltering - skip non existing resourceDirectory C:\Users\ananmaha\eclipse-workspace2\APIAssignment\src\test\resources
2024-05-07 12:52:25,047 [Worker-59: Building] INFO  o.a.m.s.f.DefaultMavenResourcesFiltering - skip non existing resourceDirectory C:\Users\ananmaha\eclipse-workspace2\APIAssignment\src\main\resources
2024-05-07 12:52:25,049 [Worker-59: Building] INFO  o.a.m.s.f.DefaultMavenResourcesFiltering - skip non existing resourceDirectory C:\Users\ananmaha\eclipse-workspace2\APIAssignment\src\test\resources
2024-05-07 12:52:56,481 [Worker-59: Launching userEndPoints2] INFO  o.a.m.s.f.DefaultMavenResourcesFiltering - skip non existing resourceDirectory C:\Users\ananmaha\eclipse-workspace2\APIAssignment\src\main\resources
2024-05-07 12:52:56,484 [Worker-59: Launching userEndPoints2] INFO  o.a.m.s.f.DefaultMavenResourcesFiltering - skip non existing resourceDirectory C:\Users\ananmaha\eclipse-workspace2\APIAssignment\src\test\resources
2024-05-07 12:53:20,801 [Worker-61: Launching userEndPoints2] INFO  o.a.m.s.f.DefaultMavenResourcesFiltering - skip non existing resourceDirectory C:\Users\ananmaha\eclipse-workspace2\APIAssignment\src\main\resources
2024-05-07 12:53:20,804 [Worker-61: Launching userEndPoints2] INFO  o.a.m.s.f.DefaultMavenResourcesFiltering - skip non existing resourceDirectory C:\Users\ananmaha\eclipse-workspace2\APIAssignment\src\test\resources
2024-05-07 12:54:30,065 [Worker-37: Building] INFO  o.a.m.s.f.DefaultMavenResourcesFiltering - skip non existing resourceDirectory C:\Users\ananmaha\eclipse-workspace2\APIAssignment\src\main\resources
2024-05-07 12:54:30,068 [Worker-37: Building] INFO  o.a.m.s.f.DefaultMavenResourcesFiltering - skip non existing resourceDirectory C:\Users\ananmaha\eclipse-workspace2\APIAssignment\src\test\resources
2024-05-07 12:55:51,076 [Worker-62: Building] INFO  o.a.m.s.f.DefaultMavenResourcesFiltering - skip non existing resourceDirectory C:\Users\ananmaha\eclipse-workspace2\APIAssignment\src\main\resources
2024-05-07 12:55:51,078 [Worker-62: Building] INFO  o.a.m.s.f.DefaultMavenResourcesFiltering - skip non existing resourceDirectory C:\Users\ananmaha\eclipse-workspace2\APIAssignment\src\test\resources
2024-05-07 12:57:23,114 [Worker-62: Building] INFO  o.a.m.s.f.DefaultMavenResourcesFiltering - skip non existing resourceDirectory C:\Users\ananmaha\eclipse-workspace2\APIAssignment\src\main\resources
2024-05-07 12:57:23,116 [Worker-62: Building] INFO  o.a.m.s.f.DefaultMavenResourcesFiltering - skip non existing resourceDirectory C:\Users\ananmaha\eclipse-workspace2\APIAssignment\src\test\resources
2024-05-07 12:59:14,632 [Worker-62: Building] INFO  o.a.m.s.f.DefaultMavenResourcesFiltering - skip non existing resourceDirectory C:\Users\ananmaha\eclipse-workspace2\APIAssignment\src\main\resources
2024-05-07 12:59:14,635 [Worker-62: Building] INFO  o.a.m.s.f.DefaultMavenResourcesFiltering - skip non existing resourceDirectory C:\Users\ananmaha\eclipse-workspace2\APIAssignment\src\test\resources
2024-05-07 12:59:53,830 [Worker-62: Building] INFO  o.a.m.s.f.DefaultMavenResourcesFiltering - skip non existing resourceDirectory C:\Users\ananmaha\eclipse-workspace2\APIAssignment\src\main\resources
2024-05-07 12:59:53,833 [Worker-62: Building] INFO  o.a.m.s.f.DefaultMavenResourcesFiltering - skip non existing resourceDirectory C:\Users\ananmaha\eclipse-workspace2\APIAssignment\src\test\resources
2024-05-07 13:02:02,454 [Worker-68: Building] INFO  o.a.m.s.f.DefaultMavenResourcesFiltering - skip non existing resourceDirectory C:\Users\ananmaha\eclipse-workspace2\APIAssignment\src\main\resources
2024-05-07 13:02:02,457 [Worker-68: Building] INFO  o.a.m.s.f.DefaultMavenResourcesFiltering - skip non existing resourceDirectory C:\Users\ananmaha\eclipse-workspace2\APIAssignment\src\test\resources
2024-05-07 13:02:41,990 [Worker-68: Building] INFO  o.a.m.s.f.DefaultMavenResourcesFiltering - skip non existing resourceDirectory C:\Users\ananmaha\eclipse-workspace2\APIAssignment\src\main\resources
2024-05-07 13:02:41,991 [Worker-68: Building] INFO  o.a.m.s.f.DefaultMavenResourcesFiltering - skip non existing resourceDirectory C:\Users\ananmaha\eclipse-workspace2\APIAssignment\src\test\resources
2024-05-07 13:03:55,592 [Worker-67: Launching userEndPoints2] INFO  o.a.m.s.f.DefaultMavenResourcesFiltering - skip non existing resourceDirectory C:\Users\ananmaha\eclipse-workspace2\APIAssignment\src\main\resources
2024-05-07 13:03:55,594 [Worker-67: Launching userEndPoints2] INFO  o.a.m.s.f.DefaultMavenResourcesFiltering - skip non existing resourceDirectory C:\Users\ananmaha\eclipse-workspace2\APIAssignment\src\test\resources
2024-05-07 13:04:44,804 [Worker-69: Launching userEndPoints2] INFO  o.a.m.s.f.DefaultMavenResourcesFiltering - skip non existing resourceDirectory C:\Users\ananmaha\eclipse-workspace2\APIAssignment\src\main\resources
2024-05-07 13:04:44,806 [Worker-69: Launching userEndPoints2] INFO  o.a.m.s.f.DefaultMavenResourcesFiltering - skip non existing resourceDirectory C:\Users\ananmaha\eclipse-workspace2\APIAssignment\src\test\resources
2024-05-07 13:05:03,720 [Worker-66: Launching userEndPoints2] INFO  o.a.m.s.f.DefaultMavenResourcesFiltering - skip non existing resourceDirectory C:\Users\ananmaha\eclipse-workspace2\APIAssignment\src\main\resources
2024-05-07 13:05:03,722 [Worker-66: Launching userEndPoints2] INFO  o.a.m.s.f.DefaultMavenResourcesFiltering - skip non existing resourceDirectory C:\Users\ananmaha\eclipse-workspace2\APIAssignment\src\test\resources
2024-05-07 13:05:11,965 [Worker-67: Launching userEndPoints2] INFO  o.a.m.s.f.DefaultMavenResourcesFiltering - skip non existing resourceDirectory C:\Users\ananmaha\eclipse-workspace2\APIAssignment\src\main\resources
2024-05-07 13:05:11,968 [Worker-67: Launching userEndPoints2] INFO  o.a.m.s.f.DefaultMavenResourcesFiltering - skip non existing resourceDirectory C:\Users\ananmaha\eclipse-workspace2\APIAssignment\src\test\resources
2024-05-07 13:05:30,832 [Worker-68: Building] INFO  o.a.m.s.f.DefaultMavenResourcesFiltering - skip non existing resourceDirectory C:\Users\ananmaha\eclipse-workspace2\APIAssignment\src\main\resources
2024-05-07 13:05:30,835 [Worker-68: Building] INFO  o.a.m.s.f.DefaultMavenResourcesFiltering - skip non existing resourceDirectory C:\Users\ananmaha\eclipse-workspace2\APIAssignment\src\test\resources
2024-05-07 13:06:12,715 [Worker-66: Building] INFO  o.a.m.s.f.DefaultMavenResourcesFiltering - skip non existing resourceDirectory C:\Users\ananmaha\eclipse-workspace2\APIAssignment\src\main\resources
2024-05-07 13:06:12,717 [Worker-66: Building] INFO  o.a.m.s.f.DefaultMavenResourcesFiltering - skip non existing resourceDirectory C:\Users\ananmaha\eclipse-workspace2\APIAssignment\src\test\resources
2024-05-07 13:08:33,521 [Worker-68: Launching userEndPoints2] INFO  o.a.m.s.f.DefaultMavenResourcesFiltering - skip non existing resourceDirectory C:\Users\ananmaha\eclipse-workspace2\APIAssignment\src\main\resources
2024-05-07 13:08:33,523 [Worker-68: Launching userEndPoints2] INFO  o.a.m.s.f.DefaultMavenResourcesFiltering - skip non existing resourceDirectory C:\Users\ananmaha\eclipse-workspace2\APIAssignment\src\test\resources
2024-05-07 13:11:11,095 [Worker-66: Launching userEndPoints2] INFO  o.a.m.s.f.DefaultMavenResourcesFiltering - skip non existing resourceDirectory C:\Users\ananmaha\eclipse-workspace2\APIAssignment\src\main\resources
2024-05-07 13:11:11,097 [Worker-66: Launching userEndPoints2] INFO  o.a.m.s.f.DefaultMavenResourcesFiltering - skip non existing resourceDirectory C:\Users\ananmaha\eclipse-workspace2\APIAssignment\src\test\resources
2024-05-07 13:11:48,209 [Worker-69: Building] INFO  o.a.m.s.f.DefaultMavenResourcesFiltering - skip non existing resourceDirectory C:\Users\ananmaha\eclipse-workspace2\APIAssignment\src\main\resources
2024-05-07 13:11:48,212 [Worker-69: Building] INFO  o.a.m.s.f.DefaultMavenResourcesFiltering - skip non existing resourceDirectory C:\Users\ananmaha\eclipse-workspace2\APIAssignment\src\test\resources
2024-05-07 13:13:44,214 [Worker-69: Launching userEndPoints2] INFO  o.a.m.s.f.DefaultMavenResourcesFiltering - skip non existing resourceDirectory C:\Users\ananmaha\eclipse-workspace2\APIAssignment\src\main\resources
2024-05-07 13:13:44,217 [Worker-69: Launching userEndPoints2] INFO  o.a.m.s.f.DefaultMavenResourcesFiltering - skip non existing resourceDirectory C:\Users\ananmaha\eclipse-workspace2\APIAssignment\src\test\resources
2024-05-07 13:14:44,868 [Worker-71: Launching userEndPoints2] INFO  o.a.m.s.f.DefaultMavenResourcesFiltering - skip non existing resourceDirectory C:\Users\ananmaha\eclipse-workspace2\APIAssignment\src\main\resources
2024-05-07 13:14:44,872 [Worker-71: Launching userEndPoints2] INFO  o.a.m.s.f.DefaultMavenResourcesFiltering - skip non existing resourceDirectory C:\Users\ananmaha\eclipse-workspace2\APIAssignment\src\test\resources
2024-05-07 13:16:53,510 [Worker-60: Building] INFO  o.a.m.s.f.DefaultMavenResourcesFiltering - skip non existing resourceDirectory C:\Users\ananmaha\eclipse-workspace2\APIAssignment\src\main\resources
2024-05-07 13:16:53,513 [Worker-60: Building] INFO  o.a.m.s.f.DefaultMavenResourcesFiltering - skip non existing resourceDirectory C:\Users\ananmaha\eclipse-workspace2\APIAssignment\src\test\resources
2024-05-07 13:17:37,912 [Worker-74: Building] INFO  o.a.m.s.f.DefaultMavenResourcesFiltering - skip non existing resourceDirectory C:\Users\ananmaha\eclipse-workspace2\APIAssignment\src\main\resources
2024-05-07 13:17:37,914 [Worker-74: Building] INFO  o.a.m.s.f.DefaultMavenResourcesFiltering - skip non existing resourceDirectory C:\Users\ananmaha\eclipse-workspace2\APIAssignment\src\test\resources
2024-05-07 13:19:33,220 [Worker-71: Building] INFO  o.a.m.s.f.DefaultMavenResourcesFiltering - skip non existing resourceDirectory C:\Users\ananmaha\eclipse-workspace2\APIAssignment\src\main\resources
2024-05-07 13:19:33,222 [Worker-71: Building] INFO  o.a.m.s.f.DefaultMavenResourcesFiltering - skip non existing resourceDirectory C:\Users\ananmaha\eclipse-workspace2\APIAssignment\src\test\resources
2024-05-07 13:20:14,262 [Worker-60: Building] INFO  o.a.m.s.f.DefaultMavenResourcesFiltering - skip non existing resourceDirectory C:\Users\ananmaha\eclipse-workspace2\APIAssignment\src\main\resources
2024-05-07 13:20:14,264 [Worker-60: Building] INFO  o.a.m.s.f.DefaultMavenResourcesFiltering - skip non existing resourceDirectory C:\Users\ananmaha\eclipse-workspace2\APIAssignment\src\test\resources
2024-05-07 13:22:58,264 [Worker-77: Building] INFO  o.a.m.s.f.DefaultMavenResourcesFiltering - skip non existing resourceDirectory C:\Users\ananmaha\eclipse-workspace2\APIAssignment\src\main\resources
2024-05-07 13:22:58,265 [Worker-77: Building] INFO  o.a.m.s.f.DefaultMavenResourcesFiltering - skip non existing resourceDirectory C:\Users\ananmaha\eclipse-workspace2\APIAssignment\src\test\resources
2024-05-07 13:31:13,732 [Worker-82: Building] INFO  o.a.m.s.f.DefaultMavenResourcesFiltering - skip non existing resourceDirectory C:\Users\ananmaha\eclipse-workspace2\APIAssignment\src\main\resources
2024-05-07 13:31:13,739 [Worker-82: Building] INFO  o.a.m.s.f.DefaultMavenResourcesFiltering - skip non existing resourceDirectory C:\Users\ananmaha\eclipse-workspace2\APIAssignment\src\test\resources
2024-05-07 13:38:32,511 [Worker-93: Building] INFO  o.a.m.s.f.DefaultMavenResourcesFiltering - skip non existing resourceDirectory C:\Users\ananmaha\eclipse-workspace2\APIAssignment\src\main\resources
2024-05-07 13:38:32,515 [Worker-93: Building] INFO  o.a.m.s.f.DefaultMavenResourcesFiltering - skip non existing resourceDirectory C:\Users\ananmaha\eclipse-workspace2\APIAssignment\src\test\resources
2024-05-07 13:39:20,362 [Worker-93: Building] INFO  o.a.m.s.f.DefaultMavenResourcesFiltering - skip non existing resourceDirectory C:\Users\ananmaha\eclipse-workspace2\APIAssignment\src\main\resources
2024-05-07 13:39:20,364 [Worker-93: Building] INFO  o.a.m.s.f.DefaultMavenResourcesFiltering - skip non existing resourceDirectory C:\Users\ananmaha\eclipse-workspace2\APIAssignment\src\test\resources
